<?xml version="1.0" encoding="UTF-8"?>
<!-- Generated by org.testng.reporters.JUnitReportReporter -->
<testsuite skipped="0" hostname="PQTE131" name="exercises.Report" tests="1" failures="0" timestamp="27 Dec 2017 11:16:58 GMT" time="0.009" errors="0">
  <testcase name="report" time="0.009" classname="exercises.Report"/>
</testsuite> <!-- exercises.Report -->
